2026-01-19 23:40:50,968 - INFO - Scraping @CheMed123 (limit=10)
2026-01-19 23:41:09,713 - INFO - @CheMed123: 10 messages saved
2026-01-19 23:41:12,902 - INFO - Scraping @lobelia4cosmetics (limit=10)
2026-01-19 23:41:30,458 - INFO - @lobelia4cosmetics: 10 messages saved
2026-01-19 23:41:33,660 - INFO - Scraping @tikvahpharma (limit=10)
2026-01-19 23:41:47,884 - INFO - @tikvahpharma: 10 messages saved
2026-01-19 23:41:51,046 - INFO - Scraping @HakimApps_Guideline (limit=10)
2026-01-19 23:42:08,513 - INFO - @HakimApps_Guideline: 10 messages saved
2026-01-19 23:42:11,688 - INFO - Scraping @yetenaweg (limit=10)
2026-01-19 23:42:30,477 - INFO - @yetenaweg: 10 messages saved
2026-01-19 23:42:33,682 - INFO - Scraping @Thequorachannel (limit=10)
2026-01-19 23:42:49,239 - INFO - @Thequorachannel: 10 messages saved
2026-01-19 23:42:52,251 - INFO - Scraping complete
2026-01-19 23:42:52,251 - INFO - Summary: {'CheMed123': 10, 'lobelia4cosmetics': 10, 'tikvahpharma': 10, 'HakimApps_Guideline': 10, 'yetenaweg': 10, 'Thequorachannel': 10}
2026-01-19 23:50:03,386 - INFO - Scraping @CheMed123 (limit=500)
2026-01-19 23:50:03,388 - ERROR - Error scraping @CheMed123: You must use "async for" if the event loop is running (i.e. you are inside an "async def")
2026-01-19 23:50:06,553 - INFO - Scraping @lobelia4cosmetics (limit=500)
2026-01-19 23:50:06,553 - ERROR - Error scraping @lobelia4cosmetics: You must use "async for" if the event loop is running (i.e. you are inside an "async def")
2026-01-19 23:50:09,738 - INFO - Scraping @tikvahpharma (limit=500)
2026-01-19 23:50:09,738 - ERROR - Error scraping @tikvahpharma: You must use "async for" if the event loop is running (i.e. you are inside an "async def")
2026-01-19 23:50:12,917 - INFO - Scraping @HakimApps_Guideline (limit=500)
2026-01-19 23:50:12,919 - ERROR - Error scraping @HakimApps_Guideline: You must use "async for" if the event loop is running (i.e. you are inside an "async def")
2026-01-19 23:51:47,148 - INFO - Scraping @CheMed123 (limit=500)
2026-01-19 23:53:12,189 - INFO - CheMed123: 50/500 messages scraped so far
2026-01-19 23:53:55,066 - INFO - CheMed123: 76 messages saved
2026-01-19 23:53:58,343 - INFO - Scraping @lobelia4cosmetics (limit=500)
2026-01-19 23:55:19,008 - INFO - lobelia4cosmetics: 50/500 messages scraped so far
2026-01-19 23:56:43,340 - INFO - lobelia4cosmetics: 100/500 messages scraped so far
2026-01-19 23:59:46,176 - INFO - lobelia4cosmetics: 150/500 messages scraped so far
2026-01-20 00:01:05,065 - INFO - lobelia4cosmetics: 200/500 messages scraped so far
2026-01-20 00:02:25,500 - INFO - lobelia4cosmetics: 250/500 messages scraped so far
2026-01-20 00:03:45,041 - INFO - lobelia4cosmetics: 300/500 messages scraped so far
2026-01-20 00:05:06,826 - INFO - lobelia4cosmetics: 350/500 messages scraped so far
2026-01-20 00:06:27,473 - INFO - lobelia4cosmetics: 400/500 messages scraped so far
2026-01-20 00:07:49,894 - INFO - lobelia4cosmetics: 450/500 messages scraped so far
2026-01-20 00:09:09,703 - INFO - lobelia4cosmetics: 500/500 messages scraped so far
2026-01-20 00:09:10,723 - INFO - lobelia4cosmetics: 500 messages saved
2026-01-20 00:09:14,049 - INFO - Scraping @tikvahpharma (limit=500)
2026-01-20 00:10:43,256 - INFO - tikvahpharma: 50/500 messages scraped so far
2026-01-20 00:11:43,673 - INFO - tikvahpharma: 100/500 messages scraped so far
2026-01-20 00:12:47,161 - INFO - tikvahpharma: 150/500 messages scraped so far
2026-01-20 00:13:45,520 - INFO - tikvahpharma: 200/500 messages scraped so far
2026-01-20 00:14:46,041 - INFO - tikvahpharma: 250/500 messages scraped so far
2026-01-20 00:15:53,232 - INFO - tikvahpharma: 300/500 messages scraped so far
2026-01-20 00:16:59,070 - INFO - tikvahpharma: 350/500 messages scraped so far
2026-01-20 00:18:02,942 - INFO - tikvahpharma: 400/500 messages scraped so far
2026-01-20 00:19:13,317 - INFO - tikvahpharma: 450/500 messages scraped so far
2026-01-20 00:20:15,434 - INFO - tikvahpharma: 500/500 messages scraped so far
2026-01-20 00:20:16,459 - INFO - tikvahpharma: 500 messages saved
2026-01-20 00:20:19,726 - INFO - Scraping @HakimApps_Guideline (limit=500)
2026-01-20 00:39:51,313 - INFO - Scraping @cafimEt (limit=500)
2026-01-20 00:39:51,451 - INFO - cafimEt: 0 messages saved
2026-01-20 00:39:54,458 - INFO - Scraping complete
2026-01-20 00:39:54,458 - INFO - Summary: {'cafimEt': 0}
2026-01-20 00:45:14,741 - INFO - Scraping @cafimEt (limit=500)
2026-01-20 00:45:14,910 - INFO - cafimEt: 0 messages saved
2026-01-20 00:45:17,919 - INFO - Scraping complete
2026-01-20 00:45:17,919 - INFO - Summary: {'cafimEt': 0}
2026-01-20 00:58:24,860 - INFO - Scraping @pharmaceuticals_sales (limit=500)
2026-01-20 00:59:14,544 - INFO - pharmaceuticals_sales: 50/500 messages scraped so far
2026-01-20 01:00:06,741 - INFO - pharmaceuticals_sales: 100/500 messages scraped so far
2026-01-20 01:01:01,248 - INFO - pharmaceuticals_sales: 150/500 messages scraped so far
2026-01-20 01:01:51,653 - INFO - pharmaceuticals_sales: 200/500 messages scraped so far
2026-01-20 01:02:42,864 - INFO - pharmaceuticals_sales: 250/500 messages scraped so far
2026-01-20 01:03:35,297 - INFO - pharmaceuticals_sales: 300/500 messages scraped so far
2026-01-20 01:04:28,723 - INFO - pharmaceuticals_sales: 350/500 messages scraped so far
2026-01-20 01:05:20,650 - INFO - pharmaceuticals_sales: 400/500 messages scraped so far
2026-01-20 01:06:11,386 - INFO - pharmaceuticals_sales: 450/500 messages scraped so far
2026-01-20 01:07:01,458 - INFO - pharmaceuticals_sales: 500/500 messages scraped so far
2026-01-20 01:07:02,489 - INFO - pharmaceuticals_sales: 500 messages saved
2026-01-20 01:07:05,668 - INFO - Scraping @Ethiopharmaceuticals (limit=500)
2026-01-20 01:08:09,924 - INFO - Ethiopharmaceuticals: 50/500 messages scraped so far
2026-01-20 01:09:00,831 - INFO - Ethiopharmaceuticals: 100/500 messages scraped so far
2026-01-20 01:09:55,414 - INFO - Ethiopharmaceuticals: 150/500 messages scraped so far
2026-01-20 01:10:49,960 - INFO - Ethiopharmaceuticals: 200/500 messages scraped so far
2026-01-20 01:11:46,853 - INFO - Ethiopharmaceuticals: 250/500 messages scraped so far
2026-01-20 01:12:44,344 - INFO - Ethiopharmaceuticals: 300/500 messages scraped so far
2026-01-20 01:13:43,874 - INFO - Ethiopharmaceuticals: 350/500 messages scraped so far
2026-01-20 01:14:38,471 - INFO - Ethiopharmaceuticals: 400/500 messages scraped so far
2026-01-20 01:15:32,381 - INFO - Ethiopharmaceuticals: 450/500 messages scraped so far
2026-01-20 01:16:29,155 - INFO - Ethiopharmaceuticals: 500/500 messages scraped so far
2026-01-20 01:16:30,177 - INFO - Ethiopharmaceuticals: 500 messages saved
2026-01-20 01:16:33,357 - INFO - Scraping @PharmaceuticalandMedicalgroup (limit=500)
2026-01-20 01:17:31,047 - INFO - PharmaceuticalandMedicalgroup: 50/500 messages scraped so far
2026-01-20 01:18:31,274 - INFO - PharmaceuticalandMedicalgroup: 100/500 messages scraped so far
2026-01-20 01:19:33,384 - INFO - PharmaceuticalandMedicalgroup: 150/500 messages scraped so far
2026-01-20 01:20:30,966 - INFO - PharmaceuticalandMedicalgroup: 200/500 messages scraped so far
2026-01-20 01:21:27,123 - INFO - PharmaceuticalandMedicalgroup: 250/500 messages scraped so far
2026-01-20 01:22:26,215 - INFO - PharmaceuticalandMedicalgroup: 300/500 messages scraped so far
2026-01-20 01:23:20,616 - INFO - PharmaceuticalandMedicalgroup: 350/500 messages scraped so far
2026-01-20 01:24:17,456 - INFO - PharmaceuticalandMedicalgroup: 400/500 messages scraped so far
2026-01-20 01:25:15,722 - INFO - PharmaceuticalandMedicalgroup: 450/500 messages scraped so far
2026-01-20 01:44:08,018 - INFO - PharmaceuticalandMedicalgroup: 500/500 messages scraped so far
2026-01-20 01:44:09,033 - INFO - PharmaceuticalandMedicalgroup: 500 messages saved
2026-01-20 01:44:11,960 - INFO - Scraping complete
2026-01-20 01:44:11,960 - INFO - Summary: {'pharmaceuticals_sales': 500, 'Ethiopharmaceuticals': 500, 'PharmaceuticalandMedicalgroup': 500}
